2025-08-22 10:19:59,655 - INFO - Arguments: Namespace(epochs=500, batch_size=128, learn_rate=0.001, betas=[0.9, 0.999], weight_decay=0.001, seed=42, hidden_size=32, nlayers=4, attn_head=1, latent_dim=64, flayers=8, dataset='physionet2012', forc_time=0, cond_time=36, nfolds=5, fold=0, output_dir='saved_models', early_stop_patience=30, scheduler_patience=10)
2025-08-22 10:19:59,656 - INFO - Using device: cpu
2025-08-22 10:19:59,701 - INFO - Available Models: {'M-RNN', 'IP-Net', 'Informer', 'N-BEATS', 'NODE', 'TFT', 'SET-TS', 'TPA', 'Latent-ODE', 'NCDE', 'BRITS', 'mTAN', 'ODE-RNN', 'GRU-ODE-Bayes'}
2025-08-22 10:19:59,701 - INFO - Available Datasets: {'M3', 'Electricity', 'Character Trajectories', 'Household Consumption', 'Air Quality', 'M5', 'Physionet 2012', 'Physionet 2019', 'tourism1', 'UWAVE', 'MuJoCo', 'Traffic', 'USHCN', 'Air Quality Multi-Site', 'tourism2', 'M4', 'Human Activity'}
2025-08-22 10:20:00,352 - INFO - Adding keys as attributes.
2025-08-22 10:20:05,051 - INFO - Model summary:
=================================================================
Layer (type:depth-idx)                   Param #
=================================================================
ProFITi                                  --
├─GraFITi: 1-1                           --
│    └─grafiti_: 2-1                     --
│    │    └─Linear: 3-1                  192
│    │    └─Linear: 3-2                  2,432
│    │    └─Linear: 3-3                  128
│    │    └─ModuleList: 3-4              99,328
│    │    └─ModuleList: 3-5              99,328
│    │    └─ModuleList: 3-6              49,408
│    │    └─Linear: 3-7                  12,352
│    │    └─ReLU: 3-8                    --
├─Linear: 1-2                            65
├─ModuleList: 1-3                        --
│    └─Sequential: 2-2                   --
│    │    └─Linear: 3-9                  4,160
│    │    └─ReLU: 3-10                   --
│    │    └─Linear: 3-11                 65
│    └─Sequential: 2-3                   --
│    │    └─Linear: 3-12                 4,160
│    │    └─ReLU: 3-13                   --
│    │    └─Linear: 3-14                 65
│    └─Sequential: 2-4                   --
│    │    └─Linear: 3-15                 4,160
│    │    └─ReLU: 3-16                   --
│    │    └─Linear: 3-17                 65
│    └─Sequential: 2-5                   --
│    │    └─Linear: 3-18                 4,160
│    │    └─ReLU: 3-19                   --
│    │    └─Linear: 3-20                 65
│    └─Sequential: 2-6                   --
│    │    └─Linear: 3-21                 4,160
│    │    └─ReLU: 3-22                   --
│    │    └─Linear: 3-23                 65
│    └─Sequential: 2-7                   --
│    │    └─Linear: 3-24                 4,160
│    │    └─ReLU: 3-25                   --
│    │    └─Linear: 3-26                 65
│    └─Sequential: 2-8                   --
│    │    └─Linear: 3-27                 4,160
│    │    └─ReLU: 3-28                   --
│    │    └─Linear: 3-29                 65
│    └─Sequential: 2-9                   --
│    │    └─Linear: 3-30                 4,160
│    │    └─ReLU: 3-31                   --
│    │    └─Linear: 3-32                 65
├─ModuleList: 1-4                        --
│    └─Sequential: 2-10                  --
│    │    └─Linear: 3-33                 4,160
│    │    └─ReLU: 3-34                   --
│    │    └─Linear: 3-35                 65
│    └─Sequential: 2-11                  --
│    │    └─Linear: 3-36                 4,160
│    │    └─ReLU: 3-37                   --
│    │    └─Linear: 3-38                 65
│    └─Sequential: 2-12                  --
│    │    └─Linear: 3-39                 4,160
│    │    └─ReLU: 3-40                   --
│    │    └─Linear: 3-41                 65
│    └─Sequential: 2-13                  --
│    │    └─Linear: 3-42                 4,160
│    │    └─ReLU: 3-43                   --
│    │    └─Linear: 3-44                 65
│    └─Sequential: 2-14                  --
│    │    └─Linear: 3-45                 4,160
│    │    └─ReLU: 3-46                   --
│    │    └─Linear: 3-47                 65
│    └─Sequential: 2-15                  --
│    │    └─Linear: 3-48                 4,160
│    │    └─ReLU: 3-49                   --
│    │    └─Linear: 3-50                 65
│    └─Sequential: 2-16                  --
│    │    └─Linear: 3-51                 4,160
│    │    └─ReLU: 3-52                   --
│    │    └─Linear: 3-53                 65
│    └─Sequential: 2-17                  --
│    │    └─Linear: 3-54                 4,160
│    │    └─ReLU: 3-55                   --
│    │    └─Linear: 3-56                 65
├─ModuleList: 1-5                        --
│    └─Linear: 2-18                      4,160
│    └─Linear: 2-19                      4,160
│    └─Linear: 2-20                      4,160
│    └─Linear: 2-21                      4,160
│    └─Linear: 2-22                      4,160
│    └─Linear: 2-23                      4,160
│    └─Linear: 2-24                      4,160
│    └─Linear: 2-25                      4,160
├─ModuleList: 1-6                        --
│    └─Linear: 2-26                      4,160
│    └─Linear: 2-27                      4,160
│    └─Linear: 2-28                      4,160
│    └─Linear: 2-29                      4,160
│    └─Linear: 2-30                      4,160
│    └─Linear: 2-31                      4,160
│    └─Linear: 2-32                      4,160
│    └─Linear: 2-33                      4,160
├─Tanh: 1-7                              --
├─compute_jnll: 1-8                      --
│    └─GaussianNLLLoss: 2-34             --
=================================================================
Total params: 397,393
Trainable params: 397,393
Non-trainable params: 0
=================================================================
2025-08-22 10:20:05,412 - INFO - Starting training with experiment ID: 805412
2025-08-22 10:21:00,185 - INFO - Epoch   1/500 | Train Loss: 2.040721 | Val Loss: 0.890499 | Time: 54.77s
2025-08-22 10:21:00,226 - INFO - New best model saved with val_loss: 0.890499
2025-08-22 10:21:56,070 - INFO - Epoch   2/500 | Train Loss: 0.731014 | Val Loss: 0.690416 | Time: 55.84s
2025-08-22 10:21:56,109 - INFO - New best model saved with val_loss: 0.690416
2025-08-22 10:22:55,008 - INFO - Epoch   3/500 | Train Loss: 0.569922 | Val Loss: 0.518161 | Time: 58.90s
2025-08-22 10:22:55,034 - INFO - New best model saved with val_loss: 0.518161
2025-08-22 10:24:31,401 - INFO - Arguments: Namespace(epochs=500, batch_size=128, learn_rate=0.001, betas=[0.9, 0.999], weight_decay=0.001, seed=42, hidden_size=32, nlayers=4, attn_head=1, latent_dim=64, flayers=8, dataset='physionet2012', forc_time=0, cond_time=36, nfolds=5, fold=0, output_dir='saved_models', early_stop_patience=30, scheduler_patience=10)
2025-08-22 10:24:31,401 - INFO - Using device: cpu
2025-08-22 10:24:31,448 - INFO - Available Models: {'ODE-RNN', 'Informer', 'N-BEATS', 'mTAN', 'M-RNN', 'BRITS', 'IP-Net', 'NCDE', 'TFT', 'TPA', 'GRU-ODE-Bayes', 'NODE', 'SET-TS', 'Latent-ODE'}
2025-08-22 10:24:31,449 - INFO - Available Datasets: {'M3', 'Electricity', 'Human Activity', 'USHCN', 'Character Trajectories', 'tourism1', 'tourism2', 'Physionet 2012', 'M5', 'Air Quality', 'Household Consumption', 'Physionet 2019', 'Air Quality Multi-Site', 'MuJoCo', 'M4', 'UWAVE', 'Traffic'}
2025-08-22 10:24:32,031 - INFO - Adding keys as attributes.
2025-08-22 10:24:36,500 - INFO - Model summary:
=================================================================
Layer (type:depth-idx)                   Param #
=================================================================
ProFITi                                  --
├─GraFITi: 1-1                           --
│    └─grafiti_: 2-1                     --
│    │    └─Linear: 3-1                  192
│    │    └─Linear: 3-2                  2,432
│    │    └─Linear: 3-3                  128
│    │    └─ModuleList: 3-4              99,328
│    │    └─ModuleList: 3-5              99,328
│    │    └─ModuleList: 3-6              49,408
│    │    └─Linear: 3-7                  12,352
│    │    └─ReLU: 3-8                    --
├─Linear: 1-2                            65
├─ModuleList: 1-3                        --
│    └─Sequential: 2-2                   --
│    │    └─Linear: 3-9                  4,160
│    │    └─ReLU: 3-10                   --
│    │    └─Linear: 3-11                 65
│    └─Sequential: 2-3                   --
│    │    └─Linear: 3-12                 4,160
│    │    └─ReLU: 3-13                   --
│    │    └─Linear: 3-14                 65
│    └─Sequential: 2-4                   --
│    │    └─Linear: 3-15                 4,160
│    │    └─ReLU: 3-16                   --
│    │    └─Linear: 3-17                 65
│    └─Sequential: 2-5                   --
│    │    └─Linear: 3-18                 4,160
│    │    └─ReLU: 3-19                   --
│    │    └─Linear: 3-20                 65
│    └─Sequential: 2-6                   --
│    │    └─Linear: 3-21                 4,160
│    │    └─ReLU: 3-22                   --
│    │    └─Linear: 3-23                 65
│    └─Sequential: 2-7                   --
│    │    └─Linear: 3-24                 4,160
│    │    └─ReLU: 3-25                   --
│    │    └─Linear: 3-26                 65
│    └─Sequential: 2-8                   --
│    │    └─Linear: 3-27                 4,160
│    │    └─ReLU: 3-28                   --
│    │    └─Linear: 3-29                 65
│    └─Sequential: 2-9                   --
│    │    └─Linear: 3-30                 4,160
│    │    └─ReLU: 3-31                   --
│    │    └─Linear: 3-32                 65
├─ModuleList: 1-4                        --
│    └─Sequential: 2-10                  --
│    │    └─Linear: 3-33                 4,160
│    │    └─ReLU: 3-34                   --
│    │    └─Linear: 3-35                 65
│    └─Sequential: 2-11                  --
│    │    └─Linear: 3-36                 4,160
│    │    └─ReLU: 3-37                   --
│    │    └─Linear: 3-38                 65
│    └─Sequential: 2-12                  --
│    │    └─Linear: 3-39                 4,160
│    │    └─ReLU: 3-40                   --
│    │    └─Linear: 3-41                 65
│    └─Sequential: 2-13                  --
│    │    └─Linear: 3-42                 4,160
│    │    └─ReLU: 3-43                   --
│    │    └─Linear: 3-44                 65
│    └─Sequential: 2-14                  --
│    │    └─Linear: 3-45                 4,160
│    │    └─ReLU: 3-46                   --
│    │    └─Linear: 3-47                 65
│    └─Sequential: 2-15                  --
│    │    └─Linear: 3-48                 4,160
│    │    └─ReLU: 3-49                   --
│    │    └─Linear: 3-50                 65
│    └─Sequential: 2-16                  --
│    │    └─Linear: 3-51                 4,160
│    │    └─ReLU: 3-52                   --
│    │    └─Linear: 3-53                 65
│    └─Sequential: 2-17                  --
│    │    └─Linear: 3-54                 4,160
│    │    └─ReLU: 3-55                   --
│    │    └─Linear: 3-56                 65
├─ModuleList: 1-5                        --
│    └─Linear: 2-18                      4,160
│    └─Linear: 2-19                      4,160
│    └─Linear: 2-20                      4,160
│    └─Linear: 2-21                      4,160
│    └─Linear: 2-22                      4,160
│    └─Linear: 2-23                      4,160
│    └─Linear: 2-24                      4,160
│    └─Linear: 2-25                      4,160
├─ModuleList: 1-6                        --
│    └─Linear: 2-26                      4,160
│    └─Linear: 2-27                      4,160
│    └─Linear: 2-28                      4,160
│    └─Linear: 2-29                      4,160
│    └─Linear: 2-30                      4,160
│    └─Linear: 2-31                      4,160
│    └─Linear: 2-32                      4,160
│    └─Linear: 2-33                      4,160
├─Tanh: 1-7                              --
├─compute_jnll: 1-8                      --
│    └─GaussianNLLLoss: 2-34             --
=================================================================
Total params: 397,393
Trainable params: 397,393
Non-trainable params: 0
=================================================================
2025-08-22 10:24:36,817 - INFO - Starting training with experiment ID: 1076817
2025-08-22 10:24:45,650 - INFO - Arguments: Namespace(epochs=3, batch_size=128, learn_rate=0.001, betas=[0.9, 0.999], weight_decay=0.001, seed=42, hidden_size=32, nlayers=4, attn_head=1, latent_dim=64, flayers=8, dataset='physionet2012', forc_time=0, cond_time=36, nfolds=5, fold=0, output_dir='saved_models', early_stop_patience=30, scheduler_patience=10)
2025-08-22 10:24:45,650 - INFO - Using device: cpu
2025-08-22 10:24:45,701 - INFO - Available Models: {'Informer', 'NODE', 'IP-Net', 'Latent-ODE', 'M-RNN', 'N-BEATS', 'mTAN', 'TFT', 'GRU-ODE-Bayes', 'SET-TS', 'TPA', 'BRITS', 'ODE-RNN', 'NCDE'}
2025-08-22 10:24:45,701 - INFO - Available Datasets: {'tourism2', 'Physionet 2012', 'M5', 'M3', 'Physionet 2019', 'Human Activity', 'Household Consumption', 'tourism1', 'Air Quality', 'Traffic', 'MuJoCo', 'Electricity', 'M4', 'UWAVE', 'Character Trajectories', 'Air Quality Multi-Site', 'USHCN'}
2025-08-22 10:24:46,375 - INFO - Adding keys as attributes.
2025-08-22 10:24:50,872 - INFO - Model summary:
=================================================================
Layer (type:depth-idx)                   Param #
=================================================================
ProFITi                                  --
├─GraFITi: 1-1                           --
│    └─grafiti_: 2-1                     --
│    │    └─Linear: 3-1                  192
│    │    └─Linear: 3-2                  2,432
│    │    └─Linear: 3-3                  128
│    │    └─ModuleList: 3-4              99,328
│    │    └─ModuleList: 3-5              99,328
│    │    └─ModuleList: 3-6              49,408
│    │    └─Linear: 3-7                  12,352
│    │    └─ReLU: 3-8                    --
├─Linear: 1-2                            65
├─ModuleList: 1-3                        --
│    └─Sequential: 2-2                   --
│    │    └─Linear: 3-9                  4,160
│    │    └─ReLU: 3-10                   --
│    │    └─Linear: 3-11                 65
│    └─Sequential: 2-3                   --
│    │    └─Linear: 3-12                 4,160
│    │    └─ReLU: 3-13                   --
│    │    └─Linear: 3-14                 65
│    └─Sequential: 2-4                   --
│    │    └─Linear: 3-15                 4,160
│    │    └─ReLU: 3-16                   --
│    │    └─Linear: 3-17                 65
│    └─Sequential: 2-5                   --
│    │    └─Linear: 3-18                 4,160
│    │    └─ReLU: 3-19                   --
│    │    └─Linear: 3-20                 65
│    └─Sequential: 2-6                   --
│    │    └─Linear: 3-21                 4,160
│    │    └─ReLU: 3-22                   --
│    │    └─Linear: 3-23                 65
│    └─Sequential: 2-7                   --
│    │    └─Linear: 3-24                 4,160
│    │    └─ReLU: 3-25                   --
│    │    └─Linear: 3-26                 65
│    └─Sequential: 2-8                   --
│    │    └─Linear: 3-27                 4,160
│    │    └─ReLU: 3-28                   --
│    │    └─Linear: 3-29                 65
│    └─Sequential: 2-9                   --
│    │    └─Linear: 3-30                 4,160
│    │    └─ReLU: 3-31                   --
│    │    └─Linear: 3-32                 65
├─ModuleList: 1-4                        --
│    └─Sequential: 2-10                  --
│    │    └─Linear: 3-33                 4,160
│    │    └─ReLU: 3-34                   --
│    │    └─Linear: 3-35                 65
│    └─Sequential: 2-11                  --
│    │    └─Linear: 3-36                 4,160
│    │    └─ReLU: 3-37                   --
│    │    └─Linear: 3-38                 65
│    └─Sequential: 2-12                  --
│    │    └─Linear: 3-39                 4,160
│    │    └─ReLU: 3-40                   --
│    │    └─Linear: 3-41                 65
│    └─Sequential: 2-13                  --
│    │    └─Linear: 3-42                 4,160
│    │    └─ReLU: 3-43                   --
│    │    └─Linear: 3-44                 65
│    └─Sequential: 2-14                  --
│    │    └─Linear: 3-45                 4,160
│    │    └─ReLU: 3-46                   --
│    │    └─Linear: 3-47                 65
│    └─Sequential: 2-15                  --
│    │    └─Linear: 3-48                 4,160
│    │    └─ReLU: 3-49                   --
│    │    └─Linear: 3-50                 65
│    └─Sequential: 2-16                  --
│    │    └─Linear: 3-51                 4,160
│    │    └─ReLU: 3-52                   --
│    │    └─Linear: 3-53                 65
│    └─Sequential: 2-17                  --
│    │    └─Linear: 3-54                 4,160
│    │    └─ReLU: 3-55                   --
│    │    └─Linear: 3-56                 65
├─ModuleList: 1-5                        --
│    └─Linear: 2-18                      4,160
│    └─Linear: 2-19                      4,160
│    └─Linear: 2-20                      4,160
│    └─Linear: 2-21                      4,160
│    └─Linear: 2-22                      4,160
│    └─Linear: 2-23                      4,160
│    └─Linear: 2-24                      4,160
│    └─Linear: 2-25                      4,160
├─ModuleList: 1-6                        --
│    └─Linear: 2-26                      4,160
│    └─Linear: 2-27                      4,160
│    └─Linear: 2-28                      4,160
│    └─Linear: 2-29                      4,160
│    └─Linear: 2-30                      4,160
│    └─Linear: 2-31                      4,160
│    └─Linear: 2-32                      4,160
│    └─Linear: 2-33                      4,160
├─Tanh: 1-7                              --
├─compute_jnll: 1-8                      --
│    └─GaussianNLLLoss: 2-34             --
=================================================================
Total params: 397,393
Trainable params: 397,393
Non-trainable params: 0
=================================================================
2025-08-22 10:24:51,262 - INFO - Starting training with experiment ID: 1091262
2025-08-22 10:25:45,881 - INFO - Epoch   1/3 | Train Loss: 2.040721 | Val Loss: 0.890499 | Time: 54.62s
2025-08-22 10:25:45,914 - INFO - New best model saved with val_loss: 0.890499
2025-08-22 10:26:43,623 - INFO - Epoch   2/3 | Train Loss: 0.731014 | Val Loss: 0.690416 | Time: 57.71s
2025-08-22 10:26:43,651 - INFO - New best model saved with val_loss: 0.690416
2025-08-22 10:27:38,356 - INFO - Epoch   3/3 | Train Loss: 0.569922 | Val Loss: 0.518161 | Time: 54.70s
2025-08-22 10:27:38,383 - INFO - New best model saved with val_loss: 0.518161
2025-08-22 10:27:38,383 - INFO - Loading best model for final evaluation...
2025-08-22 10:27:42,494 - INFO - Final Results:
2025-08-22 10:27:42,494 - INFO - Best Val Loss: 0.518161
2025-08-22 10:27:42,494 - INFO - Test Loss: 0.527360
2025-08-22 10:27:42,494 - INFO - Evaluation Time: 4.09s
2025-08-22 13:39:09,614 - INFO - Arguments: Namespace(epochs=3, batch_size=128, learn_rate=0.001, betas=[0.9, 0.999], weight_decay=0.001, seed=42, hidden_size=32, nlayers=4, attn_head=1, latent_dim=64, flayers=8, dataset='physionet2012', forc_time=0, cond_time=36, nfolds=5, fold=0, output_dir='saved_models', early_stop_patience=30, scheduler_patience=10)
2025-08-22 13:39:09,615 - INFO - Using device: cpu
2025-08-22 13:39:09,656 - INFO - Available Models: {'IP-Net', 'NODE', 'N-BEATS', 'Informer', 'SET-TS', 'GRU-ODE-Bayes', 'NCDE', 'TFT', 'mTAN', 'TPA', 'BRITS', 'Latent-ODE', 'ODE-RNN', 'M-RNN'}
2025-08-22 13:39:09,656 - INFO - Available Datasets: {'Traffic', 'tourism2', 'Physionet 2012', 'USHCN', 'M3', 'tourism1', 'MuJoCo', 'M4', 'Electricity', 'Air Quality Multi-Site', 'Household Consumption', 'Human Activity', 'M5', 'Physionet 2019', 'Character Trajectories', 'UWAVE', 'Air Quality'}
2025-08-22 13:39:10,271 - INFO - Adding keys as attributes.
2025-08-22 13:39:14,735 - INFO - Model summary:
===========================================================================
Layer (type:depth-idx)                             Param #
===========================================================================
ProFITi                                            --
├─GraFITi: 1-1                                     --
│    └─grafiti_: 2-1                               --
│    │    └─Linear: 3-1                            192
│    │    └─Linear: 3-2                            2,432
│    │    └─Linear: 3-3                            128
│    │    └─ModuleList: 3-4                        99,328
│    │    └─ModuleList: 3-5                        99,328
│    │    └─ModuleList: 3-6                        49,408
│    │    └─Linear: 3-7                            12,352
│    │    └─ReLU: 3-8                              --
├─NormalizingFlow: 1-2                             --
│    └─ModuleList: 2-2                             --
│    │    └─FlowLayer: 3-9                         16,770
│    │    └─FlowLayer: 3-10                        16,770
│    │    └─FlowLayer: 3-11                        16,770
│    │    └─FlowLayer: 3-12                        16,770
│    │    └─FlowLayer: 3-13                        16,770
│    │    └─FlowLayer: 3-14                        16,770
│    │    └─FlowLayer: 3-15                        16,770
│    │    └─FlowLayer: 3-16                        16,770
│    └─Linear: 2-3                                 65
├─compute_jnll: 1-3                                --
│    └─GaussianNLLLoss: 2-4                        --
===========================================================================
Total params: 397,393
Trainable params: 397,393
Non-trainable params: 0
===========================================================================
2025-08-22 13:39:15,058 - INFO - Starting training with experiment ID: 2755058
2025-08-22 13:40:11,484 - INFO - Epoch   1/3 | Train Loss: 636026705.493917 | Val Loss: 215.567927 | Time: 56.43s
2025-08-22 13:40:11,525 - INFO - New best model saved with val_loss: 215.567927
2025-08-22 13:41:12,378 - INFO - Epoch   2/3 | Train Loss: 637.814921 | Val Loss: 214.329794 | Time: 60.85s
2025-08-22 13:41:12,408 - INFO - New best model saved with val_loss: 214.329794
2025-08-22 13:42:10,902 - INFO - Epoch   3/3 | Train Loss: 206.752209 | Val Loss: 212.068378 | Time: 58.49s
2025-08-22 13:42:10,930 - INFO - New best model saved with val_loss: 212.068378
2025-08-22 13:42:10,931 - INFO - Loading best model for final evaluation...
2025-08-22 13:42:15,595 - INFO - Final Results:
2025-08-22 13:42:15,595 - INFO - Best Val Loss: 212.068378
2025-08-22 13:42:15,595 - INFO - Test Loss: 207.476952
2025-08-22 13:42:15,595 - INFO - Evaluation Time: 4.64s
2025-08-22 13:51:00,512 - INFO - Arguments: Namespace(epochs=3, batch_size=128, learn_rate=0.001, betas=[0.9, 0.999], weight_decay=0.001, seed=42, hidden_size=32, nlayers=4, attn_head=1, latent_dim=64, flayers=8, dataset='physionet2012', forc_time=0, cond_time=36, nfolds=5, fold=0, output_dir='saved_models', early_stop_patience=30, scheduler_patience=10)
2025-08-22 13:51:00,513 - INFO - Using device: cpu
2025-08-22 13:51:00,555 - INFO - Available Models: {'Latent-ODE', 'Informer', 'NODE', 'N-BEATS', 'SET-TS', 'M-RNN', 'TPA', 'IP-Net', 'mTAN', 'NCDE', 'BRITS', 'ODE-RNN', 'TFT', 'GRU-ODE-Bayes'}
2025-08-22 13:51:00,556 - INFO - Available Datasets: {'Air Quality', 'MuJoCo', 'tourism2', 'Physionet 2012', 'Air Quality Multi-Site', 'Electricity', 'M3', 'Household Consumption', 'Character Trajectories', 'Traffic', 'M5', 'USHCN', 'UWAVE', 'Physionet 2019', 'M4', 'Human Activity', 'tourism1'}
2025-08-22 13:51:01,187 - INFO - Adding keys as attributes.
2025-08-22 13:51:06,078 - INFO - Model summary:
===========================================================================
Layer (type:depth-idx)                             Param #
===========================================================================
ProFITi                                            --
├─GraFITi: 1-1                                     --
│    └─grafiti_: 2-1                               --
│    │    └─Linear: 3-1                            192
│    │    └─Linear: 3-2                            2,432
│    │    └─Linear: 3-3                            128
│    │    └─ModuleList: 3-4                        99,328
│    │    └─ModuleList: 3-5                        99,328
│    │    └─ModuleList: 3-6                        49,408
│    │    └─Linear: 3-7                            12,352
│    │    └─ReLU: 3-8                              --
├─NormalizingFlow: 1-2                             --
│    └─ModuleList: 2-2                             --
│    │    └─FlowLayer: 3-9                         16,770
│    │    └─FlowLayer: 3-10                        16,770
│    │    └─FlowLayer: 3-11                        16,770
│    │    └─FlowLayer: 3-12                        16,770
│    │    └─FlowLayer: 3-13                        16,770
│    │    └─FlowLayer: 3-14                        16,770
│    │    └─FlowLayer: 3-15                        16,770
│    │    └─FlowLayer: 3-16                        16,770
│    └─Linear: 2-3                                 65
├─compute_jnll: 1-3                                --
│    └─GaussianNLLLoss: 2-4                        --
===========================================================================
Total params: 397,393
Trainable params: 397,393
Non-trainable params: 0
===========================================================================
2025-08-22 13:51:06,388 - INFO - Starting training with experiment ID: 3466388
2025-08-22 13:51:42,173 - INFO - Arguments: Namespace(epochs=3, batch_size=128, learn_rate=0.001, betas=[0.9, 0.999], weight_decay=0.001, seed=42, hidden_size=32, nlayers=4, attn_head=1, latent_dim=64, flayers=8, dataset='physionet2012', forc_time=0, cond_time=36, nfolds=5, fold=0, output_dir='saved_models', early_stop_patience=30, scheduler_patience=10)
2025-08-22 13:51:42,174 - INFO - Using device: cpu
2025-08-22 13:51:42,220 - INFO - Available Models: {'mTAN', 'BRITS', 'TFT', 'TPA', 'SET-TS', 'NCDE', 'ODE-RNN', 'Informer', 'N-BEATS', 'IP-Net', 'M-RNN', 'NODE', 'GRU-ODE-Bayes', 'Latent-ODE'}
2025-08-22 13:51:42,221 - INFO - Available Datasets: {'M3', 'Air Quality', 'Human Activity', 'Physionet 2019', 'Household Consumption', 'tourism2', 'USHCN', 'tourism1', 'M5', 'Air Quality Multi-Site', 'Character Trajectories', 'Electricity', 'M4', 'Physionet 2012', 'Traffic', 'UWAVE', 'MuJoCo'}
2025-08-22 13:51:42,862 - INFO - Adding keys as attributes.
2025-08-22 13:51:47,352 - INFO - Model summary:
===========================================================================
Layer (type:depth-idx)                             Param #
===========================================================================
ProFITi                                            --
├─GraFITi: 1-1                                     --
│    └─grafiti_: 2-1                               --
│    │    └─Linear: 3-1                            192
│    │    └─Linear: 3-2                            2,432
│    │    └─Linear: 3-3                            128
│    │    └─ModuleList: 3-4                        99,328
│    │    └─ModuleList: 3-5                        99,328
│    │    └─ModuleList: 3-6                        49,408
│    │    └─Linear: 3-7                            12,352
│    │    └─ReLU: 3-8                              --
├─NormalizingFlow: 1-2                             --
│    └─ModuleList: 2-2                             --
│    │    └─FlowLayer: 3-9                         16,770
│    │    └─FlowLayer: 3-10                        16,770
│    │    └─FlowLayer: 3-11                        16,770
│    │    └─FlowLayer: 3-12                        16,770
│    │    └─FlowLayer: 3-13                        16,770
│    │    └─FlowLayer: 3-14                        16,770
│    │    └─FlowLayer: 3-15                        16,770
│    │    └─FlowLayer: 3-16                        16,770
│    └─Linear: 2-3                                 65
├─compute_jnll: 1-3                                --
│    └─GaussianNLLLoss: 2-4                        --
===========================================================================
Total params: 397,393
Trainable params: 397,393
Non-trainable params: 0
===========================================================================
2025-08-22 13:51:47,653 - INFO - Starting training with experiment ID: 3507653
2025-08-22 13:52:37,045 - INFO - Epoch   1/3 | Train Loss: 636026705.493917 | Val Loss: 215.567927 | Time: 49.39s
2025-08-22 13:52:37,085 - INFO - New best model saved with val_loss: 215.567927
2025-08-22 13:53:34,907 - INFO - Epoch   2/3 | Train Loss: 637.814921 | Val Loss: 214.329794 | Time: 57.82s
2025-08-22 13:53:34,931 - INFO - New best model saved with val_loss: 214.329794
2025-08-22 13:54:34,307 - INFO - Epoch   3/3 | Train Loss: 206.752209 | Val Loss: 212.068378 | Time: 59.38s
2025-08-22 13:54:34,331 - INFO - New best model saved with val_loss: 212.068378
2025-08-22 13:54:34,332 - INFO - Loading best model for final evaluation...
2025-08-22 13:54:38,534 - INFO - Final Results:
2025-08-22 13:54:38,534 - INFO - Best Val Loss: 212.068378
2025-08-22 13:54:38,534 - INFO - Test Loss: 207.476952
2025-08-22 13:54:38,534 - INFO - Evaluation Time: 4.18s
2025-08-22 14:01:39,409 - INFO - Arguments: Namespace(epochs=3, batch_size=128, learn_rate=0.001, betas=[0.9, 0.999], weight_decay=0.001, seed=42, hidden_size=32, nlayers=4, attn_head=1, latent_dim=64, flayers=8, dataset='physionet2012', forc_time=0, cond_time=36, nfolds=5, fold=0, output_dir='saved_models', early_stop_patience=30, scheduler_patience=10)
2025-08-22 14:01:39,409 - INFO - Using device: cpu
2025-08-22 14:01:39,464 - INFO - Available Models: {'SET-TS', 'ODE-RNN', 'NODE', 'Latent-ODE', 'BRITS', 'M-RNN', 'N-BEATS', 'TPA', 'TFT', 'mTAN', 'NCDE', 'GRU-ODE-Bayes', 'Informer', 'IP-Net'}
2025-08-22 14:01:39,464 - INFO - Available Datasets: {'Human Activity', 'Character Trajectories', 'USHCN', 'M3', 'Air Quality Multi-Site', 'Electricity', 'tourism1', 'Air Quality', 'MuJoCo', 'UWAVE', 'Household Consumption', 'M5', 'Traffic', 'Physionet 2012', 'M4', 'tourism2', 'Physionet 2019'}
2025-08-22 14:01:40,108 - INFO - Adding keys as attributes.
2025-08-22 14:01:44,574 - INFO - Model summary:
===========================================================================
Layer (type:depth-idx)                             Param #
===========================================================================
ProFITi                                            --
├─GraFITi: 1-1                                     --
│    └─grafiti_: 2-1                               --
│    │    └─Linear: 3-1                            192
│    │    └─Linear: 3-2                            2,432
│    │    └─Linear: 3-3                            128
│    │    └─ModuleList: 3-4                        99,328
│    │    └─ModuleList: 3-5                        99,328
│    │    └─ModuleList: 3-6                        49,408
│    │    └─Linear: 3-7                            12,352
│    │    └─ReLU: 3-8                              --
├─NormalizingFlow: 1-2                             --
│    └─ModuleList: 2-2                             --
│    │    └─FlowLayer: 3-9                         16,770
│    │    └─FlowLayer: 3-10                        16,770
│    │    └─FlowLayer: 3-11                        16,770
│    │    └─FlowLayer: 3-12                        16,770
│    │    └─FlowLayer: 3-13                        16,770
│    │    └─FlowLayer: 3-14                        16,770
│    │    └─FlowLayer: 3-15                        16,770
│    │    └─FlowLayer: 3-16                        16,770
│    └─Linear: 2-3                                 65
├─compute_jnll: 1-3                                --
│    └─GaussianNLLLoss: 2-4                        --
===========================================================================
Total params: 397,393
Trainable params: 397,393
Non-trainable params: 0
===========================================================================
2025-08-22 14:01:44,959 - INFO - Starting training with experiment ID: 4104959
2025-08-22 14:02:40,166 - INFO - Epoch   1/3 | Train Loss: 636026705.493917 | Val Loss: 215.567927 | Time: 55.21s
2025-08-22 14:02:40,219 - INFO - New best model saved with val_loss: 215.567927
2025-08-22 14:04:01,382 - INFO - Arguments: Namespace(epochs=3, batch_size=128, learn_rate=0.001, betas=[0.9, 0.999], weight_decay=0.001, seed=42, hidden_size=32, nlayers=4, attn_head=1, latent_dim=64, flayers=8, dataset='physionet2012', forc_time=0, cond_time=36, nfolds=5, fold=0, output_dir='saved_models', early_stop_patience=30, scheduler_patience=10)
2025-08-22 14:04:01,382 - INFO - Using device: cpu
2025-08-22 14:04:01,430 - INFO - Available Models: {'Latent-ODE', 'TPA', 'M-RNN', 'Informer', 'N-BEATS', 'GRU-ODE-Bayes', 'IP-Net', 'SET-TS', 'NODE', 'NCDE', 'BRITS', 'mTAN', 'TFT', 'ODE-RNN'}
2025-08-22 14:04:01,430 - INFO - Available Datasets: {'Electricity', 'Human Activity', 'M3', 'Air Quality Multi-Site', 'tourism1', 'M5', 'Air Quality', 'M4', 'tourism2', 'Physionet 2012', 'Physionet 2019', 'USHCN', 'MuJoCo', 'UWAVE', 'Traffic', 'Character Trajectories', 'Household Consumption'}
2025-08-22 14:04:02,017 - INFO - Adding keys as attributes.
2025-08-22 14:04:06,389 - INFO - Model summary:
===========================================================================
Layer (type:depth-idx)                             Param #
===========================================================================
ProFITi                                            --
├─GraFITi: 1-1                                     --
│    └─grafiti_: 2-1                               --
│    │    └─Linear: 3-1                            192
│    │    └─Linear: 3-2                            2,432
│    │    └─Linear: 3-3                            128
│    │    └─ModuleList: 3-4                        99,328
│    │    └─ModuleList: 3-5                        99,328
│    │    └─ModuleList: 3-6                        49,408
│    │    └─Linear: 3-7                            12,352
│    │    └─ReLU: 3-8                              --
├─NormalizingFlow: 1-2                             --
│    └─ModuleList: 2-2                             --
│    │    └─FlowLayer: 3-9                         16,770
│    │    └─FlowLayer: 3-10                        16,770
│    │    └─FlowLayer: 3-11                        16,770
│    │    └─FlowLayer: 3-12                        16,770
│    │    └─FlowLayer: 3-13                        16,770
│    │    └─FlowLayer: 3-14                        16,770
│    │    └─FlowLayer: 3-15                        16,770
│    │    └─FlowLayer: 3-16                        16,770
│    └─Linear: 2-3                                 65
├─compute_jnll: 1-3                                --
│    └─GaussianNLLLoss: 2-4                        --
===========================================================================
Total params: 397,393
Trainable params: 397,393
Non-trainable params: 0
===========================================================================
2025-08-22 14:04:06,705 - INFO - Starting training with experiment ID: 4246705
2025-08-22 14:05:02,156 - INFO - Epoch   1/3 | Train Loss: 636026514.839917 | Val Loss: 30.996697 | Time: 55.45s
2025-08-22 14:05:02,178 - INFO - New best model saved with val_loss: 30.996697
2025-08-22 14:05:33,624 - INFO - Arguments: Namespace(epochs=3, batch_size=128, learn_rate=0.001, betas=[0.9, 0.999], weight_decay=0.001, seed=42, hidden_size=32, nlayers=4, attn_head=1, latent_dim=64, flayers=8, dataset='physionet2012', forc_time=0, cond_time=36, nfolds=5, fold=0, output_dir='saved_models', early_stop_patience=30, scheduler_patience=10)
2025-08-22 14:05:33,624 - INFO - Using device: cpu
2025-08-22 14:05:33,674 - INFO - Available Models: {'N-BEATS', 'TPA', 'M-RNN', 'IP-Net', 'GRU-ODE-Bayes', 'NCDE', 'ODE-RNN', 'SET-TS', 'TFT', 'Latent-ODE', 'Informer', 'BRITS', 'mTAN', 'NODE'}
2025-08-22 14:05:33,674 - INFO - Available Datasets: {'M5', 'tourism1', 'Air Quality', 'M3', 'Household Consumption', 'Air Quality Multi-Site', 'tourism2', 'Character Trajectories', 'M4', 'USHCN', 'Physionet 2012', 'Human Activity', 'UWAVE', 'Electricity', 'Traffic', 'Physionet 2019', 'MuJoCo'}
2025-08-22 14:05:34,245 - INFO - Adding keys as attributes.
2025-08-22 14:05:38,840 - INFO - Model summary:
===========================================================================
Layer (type:depth-idx)                             Param #
===========================================================================
ProFITi                                            --
├─GraFITi: 1-1                                     --
│    └─grafiti_: 2-1                               --
│    │    └─Linear: 3-1                            192
│    │    └─Linear: 3-2                            2,432
│    │    └─Linear: 3-3                            128
│    │    └─ModuleList: 3-4                        99,328
│    │    └─ModuleList: 3-5                        99,328
│    │    └─ModuleList: 3-6                        49,408
│    │    └─Linear: 3-7                            12,352
│    │    └─ReLU: 3-8                              --
├─NormalizingFlow: 1-2                             --
│    └─ModuleList: 2-2                             --
│    │    └─FlowLayer: 3-9                         16,770
│    │    └─FlowLayer: 3-10                        16,770
│    │    └─FlowLayer: 3-11                        16,770
│    │    └─FlowLayer: 3-12                        16,770
│    │    └─FlowLayer: 3-13                        16,770
│    │    └─FlowLayer: 3-14                        16,770
│    │    └─FlowLayer: 3-15                        16,770
│    │    └─FlowLayer: 3-16                        16,770
│    └─Linear: 2-3                                 65
├─compute_jnll: 1-3                                --
│    └─GaussianNLLLoss: 2-4                        --
===========================================================================
Total params: 397,393
Trainable params: 397,393
Non-trainable params: 0
===========================================================================
2025-08-22 14:05:39,150 - INFO - Starting training with experiment ID: 4339150
2025-08-22 14:06:32,322 - INFO - Epoch   1/3 | Train Loss: 2155465468.680318 | Val Loss: 15.641204 | Time: 53.17s
2025-08-22 14:06:32,374 - INFO - New best model saved with val_loss: 15.641204
2025-08-22 14:07:29,180 - INFO - Epoch   2/3 | Train Loss: 17.299635 | Val Loss: 13.641329 | Time: 56.80s
2025-08-22 14:07:29,204 - INFO - New best model saved with val_loss: 13.641329
2025-08-22 14:07:32,853 - INFO - Arguments: Namespace(epochs=3, batch_size=128, learn_rate=0.001, betas=[0.9, 0.999], weight_decay=0.001, seed=42, hidden_size=32, nlayers=4, attn_head=1, latent_dim=64, flayers=8, dataset='physionet2012', forc_time=0, cond_time=36, nfolds=5, fold=0, output_dir='saved_models', early_stop_patience=30, scheduler_patience=10)
2025-08-22 14:07:32,854 - INFO - Using device: cpu
2025-08-22 14:07:32,889 - INFO - Available Models: {'NODE', 'mTAN', 'GRU-ODE-Bayes', 'TFT', 'M-RNN', 'NCDE', 'Informer', 'SET-TS', 'IP-Net', 'ODE-RNN', 'N-BEATS', 'TPA', 'Latent-ODE', 'BRITS'}
2025-08-22 14:07:32,889 - INFO - Available Datasets: {'M5', 'Traffic', 'Human Activity', 'Physionet 2012', 'M4', 'tourism1', 'Electricity', 'tourism2', 'M3', 'Physionet 2019', 'Air Quality Multi-Site', 'Character Trajectories', 'UWAVE', 'USHCN', 'MuJoCo', 'Household Consumption', 'Air Quality'}
2025-08-22 14:07:33,446 - INFO - Adding keys as attributes.
2025-08-22 14:07:38,228 - INFO - Model summary:
===========================================================================
Layer (type:depth-idx)                             Param #
===========================================================================
ProFITi                                            --
├─GraFITi: 1-1                                     --
│    └─grafiti_: 2-1                               --
│    │    └─Linear: 3-1                            192
│    │    └─Linear: 3-2                            2,432
│    │    └─Linear: 3-3                            128
│    │    └─ModuleList: 3-4                        99,328
│    │    └─ModuleList: 3-5                        99,328
│    │    └─ModuleList: 3-6                        49,408
│    │    └─Linear: 3-7                            12,352
│    │    └─ReLU: 3-8                              --
├─NormalizingFlow: 1-2                             --
│    └─ModuleList: 2-2                             --
│    │    └─FlowLayer: 3-9                         16,770
│    │    └─FlowLayer: 3-10                        16,770
│    │    └─FlowLayer: 3-11                        16,770
│    │    └─FlowLayer: 3-12                        16,770
│    │    └─FlowLayer: 3-13                        16,770
│    │    └─FlowLayer: 3-14                        16,770
│    │    └─FlowLayer: 3-15                        16,770
│    │    └─FlowLayer: 3-16                        16,770
│    └─Linear: 2-3                                 65
├─compute_jnll: 1-3                                --
│    └─GaussianNLLLoss: 2-4                        --
===========================================================================
Total params: 397,393
Trainable params: 397,393
Non-trainable params: 0
===========================================================================
2025-08-22 14:07:38,609 - INFO - Starting training with experiment ID: 4458609
2025-08-22 14:08:31,440 - INFO - Epoch   1/3 | Train Loss: 2202956323.605799 | Val Loss: 14.866086 | Time: 52.83s
2025-08-22 14:08:31,485 - INFO - New best model saved with val_loss: 14.866086
2025-08-22 14:16:24,292 - INFO - Arguments: Namespace(epochs=3, batch_size=128, learn_rate=0.001, betas=[0.9, 0.999], weight_decay=0.001, seed=42, hidden_size=32, nlayers=4, attn_head=1, latent_dim=64, flayers=8, dataset='physionet2012', forc_time=0, cond_time=36, nfolds=5, fold=0, output_dir='saved_models', early_stop_patience=30, scheduler_patience=10)
2025-08-22 14:16:24,292 - INFO - Using device: cpu
2025-08-22 14:16:24,336 - INFO - Available Models: {'Latent-ODE', 'ODE-RNN', 'NCDE', 'TPA', 'SET-TS', 'N-BEATS', 'M-RNN', 'IP-Net', 'Informer', 'mTAN', 'BRITS', 'TFT', 'GRU-ODE-Bayes', 'NODE'}
2025-08-22 14:16:24,336 - INFO - Available Datasets: {'Electricity', 'tourism2', 'Physionet 2019', 'Air Quality Multi-Site', 'tourism1', 'USHCN', 'Character Trajectories', 'Air Quality', 'M4', 'Physionet 2012', 'Traffic', 'M3', 'MuJoCo', 'UWAVE', 'M5', 'Household Consumption', 'Human Activity'}
2025-08-22 14:16:24,947 - INFO - Adding keys as attributes.
2025-08-22 14:16:29,336 - INFO - Model summary:
===========================================================================
Layer (type:depth-idx)                             Param #
===========================================================================
ProFITi                                            --
├─GraFITi: 1-1                                     --
│    └─grafiti_: 2-1                               --
│    │    └─Linear: 3-1                            192
│    │    └─Linear: 3-2                            2,432
│    │    └─Linear: 3-3                            128
│    │    └─ModuleList: 3-4                        99,328
│    │    └─ModuleList: 3-5                        99,328
│    │    └─ModuleList: 3-6                        49,408
│    │    └─Linear: 3-7                            12,352
│    │    └─ReLU: 3-8                              --
├─NormalizingFlow: 1-2                             --
│    └─ModuleList: 2-2                             --
│    │    └─FlowLayer: 3-9                         16,770
│    │    └─FlowLayer: 3-10                        16,770
│    │    └─FlowLayer: 3-11                        16,770
│    │    └─FlowLayer: 3-12                        16,770
│    │    └─FlowLayer: 3-13                        16,770
│    │    └─FlowLayer: 3-14                        16,770
│    │    └─FlowLayer: 3-15                        16,770
│    │    └─FlowLayer: 3-16                        16,770
│    └─Linear: 2-3                                 65
├─compute_jnll: 1-3                                --
│    └─GaussianNLLLoss: 2-4                        --
===========================================================================
Total params: 397,393
Trainable params: 397,393
Non-trainable params: 0
===========================================================================
2025-08-22 14:16:29,704 - INFO - Starting training with experiment ID: 4989704
2025-08-22 14:17:22,647 - INFO - Epoch   1/3 | Train Loss: 1.452490 | Val Loss: 0.787794 | Time: 52.94s
2025-08-22 14:17:22,687 - INFO - New best model saved with val_loss: 0.787794
2025-08-22 14:18:31,919 - INFO - Arguments: Namespace(epochs=3, batch_size=128, learn_rate=0.001, betas=[0.9, 0.999], weight_decay=0.001, seed=42, hidden_size=32, nlayers=4, attn_head=1, latent_dim=64, flayers=8, dataset='physionet2012', forc_time=0, cond_time=36, nfolds=5, fold=0, output_dir='saved_models', early_stop_patience=30, scheduler_patience=10)
2025-08-22 14:18:31,919 - INFO - Using device: cpu
2025-08-22 14:18:31,959 - INFO - Available Models: {'NODE', 'IP-Net', 'Latent-ODE', 'TPA', 'TFT', 'mTAN', 'Informer', 'ODE-RNN', 'NCDE', 'M-RNN', 'N-BEATS', 'BRITS', 'SET-TS', 'GRU-ODE-Bayes'}
2025-08-22 14:18:31,960 - INFO - Available Datasets: {'Household Consumption', 'USHCN', 'M5', 'Physionet 2019', 'Air Quality', 'MuJoCo', 'tourism2', 'Air Quality Multi-Site', 'Traffic', 'M3', 'Electricity', 'tourism1', 'Physionet 2012', 'M4', 'Character Trajectories', 'UWAVE', 'Human Activity'}
2025-08-22 14:18:32,590 - INFO - Adding keys as attributes.
2025-08-22 14:18:37,045 - INFO - Model summary:
===========================================================================
Layer (type:depth-idx)                             Param #
===========================================================================
ProFITi                                            --
├─GraFITi: 1-1                                     --
│    └─grafiti_: 2-1                               --
│    │    └─Linear: 3-1                            192
│    │    └─Linear: 3-2                            2,432
│    │    └─Linear: 3-3                            128
│    │    └─ModuleList: 3-4                        99,328
│    │    └─ModuleList: 3-5                        99,328
│    │    └─ModuleList: 3-6                        49,408
│    │    └─Linear: 3-7                            12,352
│    │    └─ReLU: 3-8                              --
├─NormalizingFlow: 1-2                             --
│    └─ModuleList: 2-2                             --
│    │    └─FlowLayer: 3-9                         16,770
│    │    └─FlowLayer: 3-10                        16,770
│    │    └─FlowLayer: 3-11                        16,770
│    │    └─FlowLayer: 3-12                        16,770
│    │    └─FlowLayer: 3-13                        16,770
│    │    └─FlowLayer: 3-14                        16,770
│    │    └─FlowLayer: 3-15                        16,770
│    │    └─FlowLayer: 3-16                        16,770
│    └─Linear: 2-3                                 65
├─compute_jnll: 1-3                                --
│    └─GaussianNLLLoss: 2-4                        --
===========================================================================
Total params: 397,393
Trainable params: 397,393
Non-trainable params: 0
===========================================================================
2025-08-22 14:18:37,395 - INFO - Starting training with experiment ID: 5117395
